<?xml version="1.0" encoding="UTF-8" ?>

<testsuite failures="0" time="0.143" errors="0" skipped="0" tests="4" name="CouponsTest">
  <testcase classname="CouponsTest" name="createUserandRetrievecoupon" time="0.03">
      </testcase>
  <testcase classname="CouponsTest" name="useOwnCoupon" time="0.022">
      </testcase>
  <testcase classname="CouponsTest" name="useFirstCoupon" time="0.032">
      </testcase>
  <testcase classname="CouponsTest" name="useFriendCoupon" time="0.059">
      </testcase>
</testsuite>
